This is pdfTeX, Version 3.141592653-2.6-1.40.26 (TeX Live 2024) (preloaded format=pdflatex 2025.2.4)  6 APR 2026 12:35
entering extended mode
 restricted \write18 enabled.
 %&-line parsing enabled.
**architecture-manual.tex
(./architecture-manual.tex
LaTeX2e <2024-11-01> patch level 2
L3 programming layer <2025-01-18>
(/Users/stephan/Library/TinyTeX/texmf-dist/tex/latex/base/article.cls
Document Class: article 2024/06/29 v1.4n Standard LaTeX document class
(/Users/stephan/Library/TinyTeX/texmf-dist/tex/latex/base/size10.clo
File: size10.clo 2024/06/29 v1.4n Standard LaTeX file (size option)
)
\c@part=\count196
\c@section=\count197
\c@subsection=\count198
\c@subsubsection=\count199
\c@paragraph=\count266
\c@subparagraph=\count267
\c@figure=\count268
\c@table=\count269
\abovecaptionskip=\skip49
\belowcaptionskip=\skip50
\bibindent=\dimen141
) (/Users/stephan/Library/TinyTeX/texmf-dist/tex/latex/lm/lmodern.sty
Package: lmodern 2015/05/01 v1.6.1 Latin Modern Fonts
LaTeX Font Info:    Overwriting symbol font `operators' in version `normal'
(Font)                  OT1/cmr/m/n --> OT1/lmr/m/n on input line 22.
LaTeX Font Info:    Overwriting symbol font `letters' in version `normal'
(Font)                  OML/cmm/m/it --> OML/lmm/m/it on input line 23.
LaTeX Font Info:    Overwriting symbol font `symbols' in version `normal'
(Font)                  OMS/cmsy/m/n --> OMS/lmsy/m/n on input line 24.
LaTeX Font Info:    Overwriting symbol font `largesymbols' in version `normal'
(Font)                  OMX/cmex/m/n --> OMX/lmex/m/n on input line 25.
LaTeX Font Info:    Overwriting symbol font `operators' in version `bold'
(Font)                  OT1/cmr/bx/n --> OT1/lmr/bx/n on input line 26.
LaTeX Font Info:    Overwriting symbol font `letters' in version `bold'
(Font)                  OML/cmm/b/it --> OML/lmm/b/it on input line 27.
LaTeX Font Info:    Overwriting symbol font `symbols' in version `bold'
(Font)                  OMS/cmsy/b/n --> OMS/lmsy/b/n on input line 28.
LaTeX Font Info:    Overwriting symbol font `largesymbols' in version `bold'
(Font)                  OMX/cmex/m/n --> OMX/lmex/m/n on input line 29.
LaTeX Font Info:    Overwriting math alphabet `\mathbf' in version `normal'
(Font)                  OT1/cmr/bx/n --> OT1/lmr/bx/n on input line 31.
LaTeX Font Info:    Overwriting math alphabet `\mathsf' in version `normal'
(Font)                  OT1/cmss/m/n --> OT1/lmss/m/n on input line 32.
LaTeX Font Info:    Overwriting math alphabet `\mathit' in version `normal'
(Font)                  OT1/cmr/m/it --> OT1/lmr/m/it on input line 33.
LaTeX Font Info:    Overwriting math alphabet `\mathtt' in version `normal'
(Font)                  OT1/cmtt/m/n --> OT1/lmtt/m/n on input line 34.
LaTeX Font Info:    Overwriting math alphabet `\mathbf' in version `bold'
(Font)                  OT1/cmr/bx/n --> OT1/lmr/bx/n on input line 35.
LaTeX Font Info:    Overwriting math alphabet `\mathsf' in version `bold'
(Font)                  OT1/cmss/bx/n --> OT1/lmss/bx/n on input line 36.
LaTeX Font Info:    Overwriting math alphabet `\mathit' in version `bold'
(Font)                  OT1/cmr/bx/it --> OT1/lmr/bx/it on input line 37.
LaTeX Font Info:    Overwriting math alphabet `\mathtt' in version `bold'
(Font)                  OT1/cmtt/m/n --> OT1/lmtt/m/n on input line 38.
) (/Users/stephan/Library/TinyTeX/texmf-dist/tex/latex/amsfonts/amssymb.sty
Package: amssymb 2013/01/14 v3.01 AMS font symbols
(/Users/stephan/Library/TinyTeX/texmf-dist/tex/latex/amsfonts/amsfonts.sty
Package: amsfonts 2013/01/14 v3.01 Basic AMSFonts support
\@emptytoks=\toks17
\symAMSa=\mathgroup4
\symAMSb=\mathgroup5
LaTeX Font Info:    Redeclaring math symbol \hbar on input line 98.
LaTeX Font Info:    Overwriting math alphabet `\mathfrak' in version `bold'
(Font)                  U/euf/m/n --> U/euf/b/n on input line 106.
)) (/Users/stephan/Library/TinyTeX/texmf-dist/tex/latex/amsmath/amsmath.sty
Package: amsmath 2024/11/05 v2.17t AMS math features
\@mathmargin=\skip51
For additional information on amsmath, use the `?' option.
(/Users/stephan/Library/TinyTeX/texmf-dist/tex/latex/amsmath/amstext.sty
Package: amstext 2021/08/26 v2.01 AMS text
(/Users/stephan/Library/TinyTeX/texmf-dist/tex/latex/amsmath/amsgen.sty
File: amsgen.sty 1999/11/30 v2.0 generic functions
\@emptytoks=\toks18
\ex@=\dimen142
)) (/Users/stephan/Library/TinyTeX/texmf-dist/tex/latex/amsmath/amsbsy.sty
Package: amsbsy 1999/11/29 v1.2d Bold Symbols
\pmbraise@=\dimen143
) (/Users/stephan/Library/TinyTeX/texmf-dist/tex/latex/amsmath/amsopn.sty
Package: amsopn 2022/04/08 v2.04 operator names
)
\inf@bad=\count270
LaTeX Info: Redefining \frac on input line 233.
\uproot@=\count271
\leftroot@=\count272
LaTeX Info: Redefining \overline on input line 398.
LaTeX Info: Redefining \colon on input line 409.
\classnum@=\count273
\DOTSCASE@=\count274
LaTeX Info: Redefining \ldots on input line 495.
LaTeX Info: Redefining \dots on input line 498.
LaTeX Info: Redefining \cdots on input line 619.
\Mathstrutbox@=\box52
\strutbox@=\box53
LaTeX Info: Redefining \big on input line 721.
LaTeX Info: Redefining \Big on input line 722.
LaTeX Info: Redefining \bigg on input line 723.
LaTeX Info: Redefining \Bigg on input line 724.
\big@size=\dimen144
LaTeX Font Info:    Redeclaring font encoding OML on input line 742.
LaTeX Font Info:    Redeclaring font encoding OMS on input line 743.
\macc@depth=\count275
LaTeX Info: Redefining \bmod on input line 904.
LaTeX Info: Redefining \pmod on input line 909.
LaTeX Info: Redefining \smash on input line 939.
LaTeX Info: Redefining \relbar on input line 969.
LaTeX Info: Redefining \Relbar on input line 970.
\c@MaxMatrixCols=\count276
\dotsspace@=\muskip17
\c@parentequation=\count277
\dspbrk@lvl=\count278
\tag@help=\toks19
\row@=\count279
\column@=\count280
\maxfields@=\count281
\andhelp@=\toks20
\eqnshift@=\dimen145
\alignsep@=\dimen146
\tagshift@=\dimen147
\tagwidth@=\dimen148
\totwidth@=\dimen149
\lineht@=\dimen150
\@envbody=\toks21
\multlinegap=\skip52
\multlinetaggap=\skip53
\mathdisplay@stack=\toks22
LaTeX Info: Redefining \[ on input line 2953.
LaTeX Info: Redefining \] on input line 2954.
) (/Users/stephan/Library/TinyTeX/texmf-dist/tex/generic/iftex/ifxetex.sty
Package: ifxetex 2019/10/25 v0.7 ifxetex legacy package. Use iftex instead.
(/Users/stephan/Library/TinyTeX/texmf-dist/tex/generic/iftex/iftex.sty
Package: iftex 2024/12/12 v1.0g TeX engine tests
)) (/Users/stephan/Library/TinyTeX/texmf-dist/tex/generic/iftex/ifluatex.sty
Package: ifluatex 2019/10/25 v1.5 ifluatex legacy package. Use iftex instead.
) (/Users/stephan/Library/TinyTeX/texmf-dist/tex/latex/base/fixltx2e.sty
Package: fixltx2e 2016/12/29 v2.1a fixes to LaTeX (obsolete)
Applying: [2015/01/01] Old fixltx2e package on input line 46.

Package fixltx2e Warning: fixltx2e is not required with releases after 2015
(fixltx2e)                All fixes are now in the LaTeX kernel.
(fixltx2e)                See the latexrelease package for details.

Already applied: [0000/00/00] Old fixltx2e package on input line 53.
) (/Users/stephan/Library/TinyTeX/texmf-dist/tex/latex/base/fontenc.sty
Package: fontenc 2021/04/29 v2.0v Standard LaTeX package
LaTeX Font Info:    Trying to load font information for T1+lmr on input line 116.
(/Users/stephan/Library/TinyTeX/texmf-dist/tex/latex/lm/t1lmr.fd
File: t1lmr.fd 2015/05/01 v1.6.1 Font defs for Latin Modern
)) (/Users/stephan/Library/TinyTeX/texmf-dist/tex/latex/base/inputenc.sty
Package: inputenc 2024/02/08 v1.3d Input encoding file
\inpenc@prehook=\toks23
\inpenc@posthook=\toks24
) (/Users/stephan/Library/TinyTeX/texmf-dist/tex/latex/upquote/upquote.sty
Package: upquote 2012/04/19 v1.3 upright-quote and grave-accent glyphs in verbatim
(/Users/stephan/Library/TinyTeX/texmf-dist/tex/latex/base/textcomp.sty
Package: textcomp 2024/04/24 v2.1b Standard LaTeX package
)) (/Users/stephan/Library/TinyTeX/texmf-dist/tex/latex/microtype/microtype.sty
Package: microtype 2024/12/12 v3.2 Micro-typographical refinements (RS)
(/Users/stephan/Library/TinyTeX/texmf-dist/tex/latex/graphics/keyval.sty
Package: keyval 2022/05/29 v1.15 key=value parser (DPC)
\KV@toks@=\toks25
) (/Users/stephan/Library/TinyTeX/texmf-dist/tex/latex/etoolbox/etoolbox.sty
Package: etoolbox 2020/10/05 v2.5k e-TeX tools for LaTeX (JAW)
\etb@tempcnta=\count282
)
\MT@toks=\toks26
\MT@tempbox=\box54
\MT@count=\count283
LaTeX Info: Redefining \noprotrusionifhmode on input line 1075.
LaTeX Info: Redefining \leftprotrusion on input line 1076.
\MT@prot@toks=\toks27
LaTeX Info: Redefining \rightprotrusion on input line 1095.
LaTeX Info: Redefining \textls on input line 1437.
\MT@outer@kern=\dimen151
LaTeX Info: Redefining \microtypecontext on input line 2041.
LaTeX Info: Redefining \textmicrotypecontext on input line 2058.
\MT@listname@count=\count284
(/Users/stephan/Library/TinyTeX/texmf-dist/tex/latex/microtype/microtype-pdftex.def
File: microtype-pdftex.def 2024/12/12 v3.2 Definitions specific to pdftex (RS)
LaTeX Info: Redefining \lsstyle on input line 944.
LaTeX Info: Redefining \lslig on input line 944.
\MT@outer@space=\skip54
)
Package microtype Info: Loading configuration file microtype.cfg.
(/Users/stephan/Library/TinyTeX/texmf-dist/tex/latex/microtype/microtype.cfg
File: microtype.cfg 2024/12/12 v3.2 microtype main configuration file (RS)
)
LaTeX Info: Redefining \microtypesetup on input line 3053.
) (/Users/stephan/Library/TinyTeX/texmf-dist/tex/latex/geometry/geometry.sty
Package: geometry 2020/01/02 v5.9 Page Geometry
(/Users/stephan/Library/TinyTeX/texmf-dist/tex/generic/iftex/ifvtex.sty
Package: ifvtex 2019/10/25 v1.7 ifvtex legacy package. Use iftex instead.
)
\Gm@cnth=\count285
\Gm@cntv=\count286
\c@Gm@tempcnt=\count287
\Gm@bindingoffset=\dimen152
\Gm@wd@mp=\dimen153
\Gm@odd@mp=\dimen154
\Gm@even@mp=\dimen155
\Gm@layoutwidth=\dimen156
\Gm@layoutheight=\dimen157
\Gm@layouthoffset=\dimen158
\Gm@layoutvoffset=\dimen159
\Gm@dimlist=\toks28
) (/Users/stephan/Library/TinyTeX/texmf-dist/tex/latex/hyperref/hyperref.sty
Package: hyperref 2024-11-05 v7.01l Hypertext links for LaTeX
(/Users/stephan/Library/TinyTeX/texmf-dist/tex/latex/kvsetkeys/kvsetkeys.sty
Package: kvsetkeys 2022-10-05 v1.19 Key value parser (HO)
) (/Users/stephan/Library/TinyTeX/texmf-dist/tex/generic/kvdefinekeys/kvdefinekeys.sty
Package: kvdefinekeys 2019-12-19 v1.6 Define keys (HO)
) (/Users/stephan/Library/TinyTeX/texmf-dist/tex/generic/pdfescape/pdfescape.sty
Package: pdfescape 2019/12/09 v1.15 Implements pdfTeX's escape features (HO)
(/Users/stephan/Library/TinyTeX/texmf-dist/tex/generic/ltxcmds/ltxcmds.sty
Package: ltxcmds 2023-12-04 v1.26 LaTeX kernel commands for general use (HO)
) (/Users/stephan/Library/TinyTeX/texmf-dist/tex/generic/pdftexcmds/pdftexcmds.sty
Package: pdftexcmds 2020-06-27 v0.33 Utility functions of pdfTeX for LuaTeX (HO)
(/Users/stephan/Library/TinyTeX/texmf-dist/tex/generic/infwarerr/infwarerr.sty
Package: infwarerr 2019/12/03 v1.5 Providing info/warning/error messages (HO)
)
Package pdftexcmds Info: \pdf@primitive is available.
Package pdftexcmds Info: \pdf@ifprimitive is available.
Package pdftexcmds Info: \pdfdraftmode found.
)) (/Users/stephan/Library/TinyTeX/texmf-dist/tex/latex/hycolor/hycolor.sty
Package: hycolor 2020-01-27 v1.10 Color options for hyperref/bookmark (HO)
) (/Users/stephan/Library/TinyTeX/texmf-dist/tex/latex/hyperref/nameref.sty
Package: nameref 2023-11-26 v2.56 Cross-referencing by name of section
(/Users/stephan/Library/TinyTeX/texmf-dist/tex/latex/refcount/refcount.sty
Package: refcount 2019/12/15 v3.6 Data extraction from label references (HO)
) (/Users/stephan/Library/TinyTeX/texmf-dist/tex/generic/gettitlestring/gettitlestring.sty
Package: gettitlestring 2019/12/15 v1.6 Cleanup title references (HO)
(/Users/stephan/Library/TinyTeX/texmf-dist/tex/latex/kvoptions/kvoptions.sty
Package: kvoptions 2022-06-15 v3.15 Key value format for package options (HO)
))
\c@section@level=\count288
) (/Users/stephan/Library/TinyTeX/texmf-dist/tex/generic/stringenc/stringenc.sty
Package: stringenc 2019/11/29 v1.12 Convert strings between diff. encodings (HO)
)
\@linkdim=\dimen160
\Hy@linkcounter=\count289
\Hy@pagecounter=\count290
(/Users/stephan/Library/TinyTeX/texmf-dist/tex/latex/hyperref/pd1enc.def
File: pd1enc.def 2024-11-05 v7.01l Hyperref: PDFDocEncoding definition (HO)
Now handling font encoding PD1 ...
... no UTF-8 mapping file for font encoding PD1
) (/Users/stephan/Library/TinyTeX/texmf-dist/tex/generic/intcalc/intcalc.sty
Package: intcalc 2019/12/15 v1.3 Expandable calculations with integers (HO)
)
\Hy@SavedSpaceFactor=\count291
(/Users/stephan/Library/TinyTeX/texmf-dist/tex/latex/hyperref/puenc.def
File: puenc.def 2024-11-05 v7.01l Hyperref: PDF Unicode definition (HO)
Now handling font encoding PU ...
... no UTF-8 mapping file for font encoding PU
)
Package hyperref Info: Option `unicode' set `true' on input line 4040.
Package hyperref Info: Hyper figures OFF on input line 4157.
Package hyperref Info: Link nesting OFF on input line 4162.
Package hyperref Info: Hyper index ON on input line 4165.
Package hyperref Info: Plain pages OFF on input line 4172.
Package hyperref Info: Backreferencing OFF on input line 4177.
Package hyperref Info: Implicit mode ON; LaTeX internals redefined.
Package hyperref Info: Bookmarks ON on input line 4424.
\c@Hy@tempcnt=\count292
(/Users/stephan/Library/TinyTeX/texmf-dist/tex/latex/url/url.sty
\Urlmuskip=\muskip18
Package: url 2013/09/16  ver 3.4  Verb mode for urls, etc.
)
LaTeX Info: Redefining \url on input line 4763.
\XeTeXLinkMargin=\dimen161
(/Users/stephan/Library/TinyTeX/texmf-dist/tex/generic/bitset/bitset.sty
Package: bitset 2019/12/09 v1.3 Handle bit-vector datatype (HO)
(/Users/stephan/Library/TinyTeX/texmf-dist/tex/generic/bigintcalc/bigintcalc.sty
Package: bigintcalc 2019/12/15 v1.5 Expandable calculations on big integers (HO)
))
\Fld@menulength=\count293
\Field@Width=\dimen162
\Fld@charsize=\dimen163
Package hyperref Info: Hyper figures OFF on input line 6042.
Package hyperref Info: Link nesting OFF on input line 6047.
Package hyperref Info: Hyper index ON on input line 6050.
Package hyperref Info: backreferencing OFF on input line 6057.
Package hyperref Info: Link coloring OFF on input line 6062.
Package hyperref Info: Link coloring with OCG OFF on input line 6067.
Package hyperref Info: PDF/A mode OFF on input line 6072.
(/Users/stephan/Library/TinyTeX/texmf-dist/tex/latex/base/atbegshi-ltx.sty
Package: atbegshi-ltx 2021/01/10 v1.0c Emulation of the original atbegshi
package with kernel methods
)
\Hy@abspage=\count294
\c@Item=\count295
\c@Hfootnote=\count296
)
Package hyperref Info: Driver (autodetected): hpdftex.
(/Users/stephan/Library/TinyTeX/texmf-dist/tex/latex/hyperref/hpdftex.def
File: hpdftex.def 2024-11-05 v7.01l Hyperref driver for pdfTeX
(/Users/stephan/Library/TinyTeX/texmf-dist/tex/latex/base/atveryend-ltx.sty
Package: atveryend-ltx 2020/08/19 v1.0a Emulation of the original atveryend package
with kernel methods
)
\Fld@listcount=\count297
\c@bookmark@seq@number=\count298
(/Users/stephan/Library/TinyTeX/texmf-dist/tex/latex/rerunfilecheck/rerunfilecheck.sty
Package: rerunfilecheck 2022-07-10 v1.10 Rerun checks for auxiliary files (HO)
(/Users/stephan/Library/TinyTeX/texmf-dist/tex/generic/uniquecounter/uniquecounter.sty
Package: uniquecounter 2019/12/15 v1.4 Provide unlimited unique counter (HO)
)
Package uniquecounter Info: New unique counter `rerunfilecheck' on input line 285.
)
\Hy@SectionHShift=\skip55
)
Package hyperref Info: Option `breaklinks' set `true' on input line 28.
(/Users/stephan/Library/TinyTeX/texmf-dist/tex/latex/graphics/color.sty
Package: color 2024/06/23 v1.3e Standard LaTeX Color (DPC)
(/Users/stephan/Library/TinyTeX/texmf-dist/tex/latex/graphics-cfg/color.cfg
File: color.cfg 2016/01/02 v1.6 sample color configuration
)
Package color Info: Driver file: pdftex.def on input line 149.
(/Users/stephan/Library/TinyTeX/texmf-dist/tex/latex/graphics-def/pdftex.def
File: pdftex.def 2024/04/13 v1.2c Graphics/color driver for pdftex
) (/Users/stephan/Library/TinyTeX/texmf-dist/tex/latex/graphics/mathcolor.ltx)) (/Users/stephan/Library/TinyTeX/texmf-dist/tex/latex/fancyvrb/fancyvrb.sty
Package: fancyvrb 2024/01/20 4.5c verbatim text (tvz,hv)
\FV@CodeLineNo=\count299
\FV@InFile=\read2
\FV@TabBox=\box55
\c@FancyVerbLine=\count300
\FV@StepNumber=\count301
\FV@OutFile=\write3
) (/Users/stephan/Library/TinyTeX/texmf-dist/tex/latex/framed/framed.sty
Package: framed 2011/10/22 v 0.96: framed or shaded text with page breaks
\OuterFrameSep=\skip56
\fb@frw=\dimen164
\fb@frh=\dimen165
\FrameRule=\dimen166
\FrameSep=\dimen167
) (/Users/stephan/Library/TinyTeX/texmf-dist/tex/latex/tools/longtable.sty
Package: longtable 2024-10-27 v4.22 Multi-page Table package (DPC)
\LTleft=\skip57
\LTright=\skip58
\LTpre=\skip59
\LTpost=\skip60
\LTchunksize=\count302
\LTcapwidth=\dimen168
\LT@head=\box56
\LT@firsthead=\box57
\LT@foot=\box58
\LT@lastfoot=\box59
\LT@gbox=\box60
\LT@cols=\count303
\LT@rows=\count304
\c@LT@tables=\count305
\c@LT@chunks=\count306
\LT@p@ftn=\toks29
) (/Users/stephan/Library/TinyTeX/texmf-dist/tex/latex/booktabs/booktabs.sty
Package: booktabs 2020/01/12 v1.61803398 Publication quality tables
\heavyrulewidth=\dimen169
\lightrulewidth=\dimen170
\cmidrulewidth=\dimen171
\belowrulesep=\dimen172
\belowbottomsep=\dimen173
\aboverulesep=\dimen174
\abovetopsep=\dimen175
\cmidrulesep=\dimen176
\cmidrulekern=\dimen177
\defaultaddspace=\dimen178
\@cmidla=\count307
\@cmidlb=\count308
\@aboverulesep=\dimen179
\@belowrulesep=\dimen180
\@thisruleclass=\count309
\@lastruleclass=\count310
\@thisrulewidth=\dimen181
) (/Users/stephan/Library/TinyTeX/texmf-dist/tex/latex/graphics/graphicx.sty
Package: graphicx 2021/09/16 v1.2d Enhanced LaTeX Graphics (DPC,SPQR)
(/Users/stephan/Library/TinyTeX/texmf-dist/tex/latex/graphics/graphics.sty
Package: graphics 2024/08/06 v1.4g Standard LaTeX Graphics (DPC,SPQR)
(/Users/stephan/Library/TinyTeX/texmf-dist/tex/latex/graphics/trig.sty
Package: trig 2023/12/02 v1.11 sin cos tan (DPC)
) (/Users/stephan/Library/TinyTeX/texmf-dist/tex/latex/graphics-cfg/graphics.cfg
File: graphics.cfg 2016/06/04 v1.11 sample graphics configuration
)
Package graphics Info: Driver file: pdftex.def on input line 106.
)
\Gin@req@height=\dimen182
\Gin@req@width=\dimen183
) (/Users/stephan/Library/TinyTeX/texmf-dist/tex/latex/grffile/grffile.sty
Package: grffile 2019/11/11 v2.1 Extended file name support for graphics (legacy)
Package grffile Info: This package is an empty stub for compatibility on input line 40.
) (/Users/stephan/Library/TinyTeX/texmf-dist/tex/latex/parskip/parskip.sty
Package: parskip 2021-03-14 v2.0h non-zero parskip adjustments
) (/Users/stephan/Library/TinyTeX/texmf-dist/tex/latex/l3backend/l3backend-pdftex.def
File: l3backend-pdftex.def 2024-05-08 L3 backend support: PDF output (pdfTeX)
\l__color_backend_stack_int=\count311
\l__pdf_internal_box=\box61
)
No file architecture-manual.aux.
\openout1 = `architecture-manual.aux'.

LaTeX Font Info:    Checking defaults for OML/cmm/m/it on input line 103.
LaTeX Font Info:    ... okay on input line 103.
LaTeX Font Info:    Checking defaults for OMS/cmsy/m/n on input line 103.
LaTeX Font Info:    ... okay on input line 103.
LaTeX Font Info:    Checking defaults for OT1/cmr/m/n on input line 103.
LaTeX Font Info:    ... okay on input line 103.
LaTeX Font Info:    Checking defaults for T1/cmr/m/n on input line 103.
LaTeX Font Info:    ... okay on input line 103.
LaTeX Font Info:    Checking defaults for TS1/cmr/m/n on input line 103.
LaTeX Font Info:    ... okay on input line 103.
LaTeX Font Info:    Checking defaults for OMX/cmex/m/n on input line 103.
LaTeX Font Info:    ... okay on input line 103.
LaTeX Font Info:    Checking defaults for U/cmr/m/n on input line 103.
LaTeX Font Info:    ... okay on input line 103.
LaTeX Font Info:    Checking defaults for PD1/pdf/m/n on input line 103.
LaTeX Font Info:    ... okay on input line 103.
LaTeX Font Info:    Checking defaults for PU/pdf/m/n on input line 103.
LaTeX Font Info:    ... okay on input line 103.
LaTeX Info: Redefining \microtypecontext on input line 103.
Package microtype Info: Applying patch `item' on input line 103.
Package microtype Info: Applying patch `toc' on input line 103.
Package microtype Info: Applying patch `eqnum' on input line 103.
Package microtype Info: Applying patch `footnote' on input line 103.
Package microtype Info: Applying patch `verbatim' on input line 103.
LaTeX Info: Redefining \microtypesetup on input line 103.
Package microtype Info: Generating PDF output.
Package microtype Info: Character protrusion enabled (level 2).
Package microtype Info: Using protrusion set `basicmath'.
Package microtype Info: Automatic font expansion enabled (level 2),
(microtype)             stretch: 20, shrink: 20, step: 1, non-selected.
Package microtype Info: Using default expansion set `alltext-nott'.
LaTeX Info: Redefining \showhyphens on input line 103.
Package microtype Info: No adjustment of tracking.
Package microtype Info: No adjustment of interword spacing.
Package microtype Info: No adjustment of character kerning.
(/Users/stephan/Library/TinyTeX/texmf-dist/tex/latex/microtype/mt-cmr.cfg
File: mt-cmr.cfg 2013/05/19 v2.2 microtype config. file: Computer Modern Roman (RS)
)
*geometry* driver: auto-detecting
*geometry* detected driver: pdftex
*geometry* verbose mode - [ preamble ] result:
* driver: pdftex
* paper: <default>
* layout: <same size as paper>
* layoutoffset:(h,v)=(0.0pt,0.0pt)
* modes: 
* h-part:(L,W,R)=(72.26999pt, 469.75502pt, 72.26999pt)
* v-part:(T,H,B)=(72.26999pt, 650.43001pt, 72.26999pt)
* \paperwidth=614.295pt
* \paperheight=794.96999pt
* \textwidth=469.75502pt
* \textheight=650.43001pt
* \oddsidemargin=0.0pt
* \evensidemargin=0.0pt
* \topmargin=-37.0pt
* \headheight=12.0pt
* \headsep=25.0pt
* \topskip=10.0pt
* \footskip=30.0pt
* \marginparwidth=65.0pt
* \marginparsep=11.0pt
* \columnsep=10.0pt
* \skip\footins=9.0pt plus 4.0pt minus 2.0pt
* \hoffset=0.0pt
* \voffset=0.0pt
* \mag=1000
* \@twocolumnfalse
* \@twosidefalse
* \@mparswitchfalse
* \@reversemarginfalse
* (1in=72.27pt=25.4mm, 1cm=28.453pt)

Package hyperref Info: Link coloring OFF on input line 103.
\@outlinefile=\write4
\openout4 = `architecture-manual.out'.

(/Users/stephan/Library/TinyTeX/texmf-dist/tex/latex/epstopdf-pkg/epstopdf-base.sty
Package: epstopdf-base 2020-01-24 v2.11 Base part for package epstopdf
Package epstopdf-base Info: Redefining graphics rule for `.eps' on input line 485.
(/Users/stephan/Library/TinyTeX/texmf-dist/tex/latex/latexconfig/epstopdf-sys.cfg
File: epstopdf-sys.cfg 2010/07/13 v1.3 Configuration of (r)epstopdf for TeX Live
))
LaTeX Font Info:    Trying to load font information for TS1+lmr on input line 114.
(/Users/stephan/Library/TinyTeX/texmf-dist/tex/latex/lm/ts1lmr.fd
File: ts1lmr.fd 2015/05/01 v1.6.1 Font defs for Latin Modern
)
LaTeX Font Info:    Trying to load font information for T1+lmtt on input line 129.
(/Users/stephan/Library/TinyTeX/texmf-dist/tex/latex/lm/t1lmtt.fd
File: t1lmtt.fd 2015/05/01 v1.6.1 Font defs for Latin Modern
)
LaTeX Font Info:    Font shape `T1/lmtt/bx/n' in size <12> not available
(Font)              Font shape `T1/lmtt/b/n' tried instead on input line 134.


[1

{/Users/stephan/Library/TinyTeX/texmf-var/fonts/map/pdftex/updmap/pdftex.map}{/Users/stephan/Library/TinyTeX/texmf-dist/fonts/enc/dvips/lm/lm-ec.enc}{/Users/stephan/Library/TinyTeX/texmf-dist/fonts/enc/dvips/lm/lm-ts1.enc}]

[2]

[3]
Overfull \hbox (27.34055pt too wide) in paragraph at lines 501--503
\T1/lmr/m/n/10 (-20) (compound)|  
 []


Overfull \hbox (71.01054pt too wide) in paragraph at lines 503--505
[]|\T1/lmtt/m/n/10 x2chess.shellPrefs|  
 []


Overfull \hbox (123.51039pt too wide) in paragraph at lines 505--507
[]|\T1/lmtt/m/n/10 runtime/shell_prefs_store.ts|  
 []


Overfull \hbox (2.37737pt too wide) in paragraph at lines 508--510
[]|\T1/lmr/m/n/10 (-20) Shape 
 []


Overfull \hbox (1.31569pt too wide) in paragraph at lines 508--510
\T1/lmr/m/n/10 (-20) board 
 []


Overfull \hbox (86.7605pt too wide) in paragraph at lines 510--512
[]|\T1/lmtt/m/n/10 x2chess.shapePrefs.v1|  
 []


Overfull \hbox (92.01048pt too wide) in paragraph at lines 512--514
[]|\T1/lmtt/m/n/10 runtime/shape_prefs.ts|  
 []


Overfull \hbox (14.83977pt too wide) in paragraph at lines 515--517
[]|\T1/lmr/m/n/10 (-20) Resource 
 []


Overfull \hbox (3.2948pt too wide) in paragraph at lines 515--517
\T1/lmr/m/n/10 (-20) viewer 
 []


Overfull \hbox (165.51027pt too wide) in paragraph at lines 517--519
[]|\T1/lmtt/m/n/10 x2chess.resourceViewerColumnPrefs.v1|  
 []


Overfull \hbox (144.51033pt too wide) in paragraph at lines 519--521
[]|\T1/lmtt/m/n/10 resources_viewer/viewer_utils.ts|  
 []


Overfull \hbox (17.61693pt too wide) in paragraph at lines 522--524
[]|\T1/lmr/m/n/10 (-20) Metadata 
 []


Overfull \hbox (11.18619pt too wide) in paragraph at lines 522--524
\T1/lmr/m/n/10 (-20) schemas|  
 []


Overfull \hbox (102.51045pt too wide) in paragraph at lines 524--526
[]|\T1/lmtt/m/n/10 x2chess.metadata-schemas|  
 []


Overfull \hbox (155.0103pt too wide) in paragraph at lines 526--528
[]|\T1/lmtt/m/n/10 resources_viewer/schema_storage.ts|  
 []


Overfull \hbox (13.4244pt too wide) in paragraph at lines 529--531
[]|\T1/lmr/m/n/10 (-20) External 
 []


Overfull \hbox (9.28668pt too wide) in paragraph at lines 529--531
\T1/lmr/m/n/10 (-20) settings|  
 []


Overfull \hbox (97.26047pt too wide) in paragraph at lines 531--533
[]|\T1/lmtt/m/n/10 x2chess.ext-db-settings|  
 []


Overfull \hbox (176.01024pt too wide) in paragraph at lines 533--535
[]|\T1/lmtt/m/n/10 runtime/ext_database_settings_store.ts|  
 []


Overfull \hbox (9.3134pt too wide) in paragraph at lines 536--538
[]|\T1/lmr/m/n/10 (-20) Remote 
 []


Overfull \hbox (92.01048pt too wide) in paragraph at lines 538--540
[]|\T1/lmtt/m/n/10 x2chess.webImportRules|  
 []


Overfull \hbox (128.76038pt too wide) in paragraph at lines 540--542
[]|\T1/lmtt/m/n/10 runtime/remote_rules_store.ts|  
 []


Overfull \hbox (5.40108pt too wide) in paragraph at lines 543--545
\T1/lmr/m/n/10 (-20) import 
 []


Overfull \hbox (118.2604pt too wide) in paragraph at lines 545--547
[]|\T1/lmtt/m/n/10 x2chess.webImport.userRules|  
 []


Overfull \hbox (197.01018pt too wide) in paragraph at lines 547--549
[]|\T1/lmtt/m/n/10 resources/web_import/user_rules_storage.ts|  
 []


Overfull \hbox (12.72652pt too wide) in paragraph at lines 550--552
[]|\T1/lmr/m/n/10 (-20) Training 
 []


Overfull \hbox (5.42079pt too wide) in paragraph at lines 550--552
\T1/lmr/m/n/10 (-20) badges|  
 []


Overfull \hbox (97.26047pt too wide) in paragraph at lines 552--554
[]|\T1/lmtt/m/n/10 x2chess.training-badges|  
 []


Overfull \hbox (134.01036pt too wide) in paragraph at lines 554--556
[]|\T1/lmtt/m/n/10 training/transcript_storage.ts|  
 []


Overfull \hbox (12.72652pt too wide) in paragraph at lines 557--559
[]|\T1/lmr/m/n/10 (-20) Training 
 []


Overfull \hbox (9.39542pt too wide) in paragraph at lines 557--559
\T1/lmr/m/n/10 (-20) sessions|  
 []


Overfull \hbox (107.76044pt too wide) in paragraph at lines 559--561
[]|\T1/lmtt/m/n/10 x2chess.training-sessions|  
 []


Overfull \hbox (134.01036pt too wide) in paragraph at lines 561--563
[]|\T1/lmtt/m/n/10 training/transcript_storage.ts|  
 []


Overfull \hbox (25.56454pt too wide) in paragraph at lines 564--566
[]|\T1/lmr/m/n/10 (-20) Curriculum 
 []


Overfull \hbox (97.26047pt too wide) in paragraph at lines 566--568
[]|\T1/lmtt/m/n/10 x2chess.curriculum-plan|  
 []


Overfull \hbox (191.7602pt too wide) in paragraph at lines 568--570
[]|\T1/lmtt/m/n/10 training/curriculum/curriculum_storage.ts|  
 []


Overfull \hbox (22.58186pt too wide) in paragraph at lines 571--573
[]|\T1/lmr/m/n/10 (-20) Workspace 
 []


Overfull \hbox (14.18639pt too wide) in paragraph at lines 571--573
\T1/lmr/m/n/10 (-20) snapshot|  
 []


Overfull \hbox (107.76044pt too wide) in paragraph at lines 573--575
[]|\T1/lmtt/m/n/10 x2chess.workspaceSnapshot|  
 []


Overfull \hbox (160.26028pt too wide) in paragraph at lines 575--577
[]|\T1/lmtt/m/n/10 runtime/workspace_snapshot_store.ts|  
 []

[4]
Overfull \hbox (77.706pt too wide) in paragraph at lines 581--587
[]\T1/lmr/m/n/10 (-20) Dynamic per-tab group-by state (\T1/lmtt/m/n/10 x2chess.groupby.<tabId>\T1/lmr/m/n/10 (-20) ) and the visual-asset cache (\T1/lmtt/m/n/10 chess-app:visual-asset:v2:<key>\T1/lmr/m/n/10 (-20) )
 []


Overfull \hbox (14.51268pt too wide) in paragraph at lines 600--602
[]|\T1/lmr/m/n/10 (-20) Platform|  
 []


Overfull \hbox (14.59991pt too wide) in paragraph at lines 602--604
[]|\T1/lmr/m/n/10 (-20) Webview|  
 []


Overfull \hbox (6.99957pt too wide) in paragraph at lines 609--611
[]|\T1/lmr/m/n/10 (-20) macOS|  
 []


Overfull \hbox (34.75012pt too wide) in paragraph at lines 611--613
[]|\T1/lmr/m/n/10 (-20) WKWebView|  
 []


Overfull \hbox (281.00993pt too wide) in paragraph at lines 613--615
[]|\T1/lmtt/m/n/10 ~/Library/WebKit/com.x2chess.app/WebsiteData/LocalStorage/|  
 []


Overfull \hbox (15.75957pt too wide) in paragraph at lines 616--618
[]|\T1/lmr/m/n/10 (-20) Windows|  
 []


Overfull \hbox (21.70528pt too wide) in paragraph at lines 618--620
[]|\T1/lmr/m/n/10 (-20) WebView2 
 []


Overfull \hbox (28.72281pt too wide) in paragraph at lines 618--620
\T1/lmr/m/n/10 (-20) (Chromium)|  
 []


Overfull \hbox (191.7602pt too wide) in paragraph at lines 620--622
[]|\T1/lmtt/m/n/10 %APPDATA%\X2Chess\EBWebView\Default\Local 
 []


Overfull \hbox (60.51057pt too wide) in paragraph at lines 620--622
\T1/lmtt/m/n/10 Storage\leveldb\|  
 []


Overfull \hbox (1.14142pt too wide) in paragraph at lines 623--625
[]|\T1/lmr/m/n/10 (-20) Linux|  
 []


Overfull \hbox (21.70528pt too wide) in paragraph at lines 625--627
[]|\T1/lmr/m/n/10 (-20) WebView2 
 []


Overfull \hbox (28.72281pt too wide) in paragraph at lines 625--627
\T1/lmr/m/n/10 (-20) (Chromium)|  
 []


Overfull \hbox (239.01006pt too wide) in paragraph at lines 627--629
[]|\T1/lmtt/m/n/10 $HOME/.local/share/X2Chess/EBWebView/Default/Local 
 []


Overfull \hbox (60.51057pt too wide) in paragraph at lines 627--629
\T1/lmtt/m/n/10 Storage/leveldb\|  
 []

LaTeX Font Info:    Font shape `T1/lmtt/bx/n' in size <10> not available
(Font)              Font shape `T1/lmtt/b/n' tried instead on input line 643.

Overfull \hbox (26.6378pt too wide) in paragraph at lines 645--651
[]\T1/lmr/m/n/10 (-20) The Tauri main win-dow is cre-ated pro-gram-mat-i-cally in \T1/lmtt/m/n/10 main.rs \T1/lmr/m/n/10 (-20) us-ing \T1/lmtt/m/n/10 WebviewWindowBuilder::data_directory()\T1/lmr/m/n/10 (-20) .
 []


Package longtable Warning: Column widths have changed
(longtable)                in table 3 on input line 676.



[5]
Underfull \hbox (badness 1859) in paragraph at lines 696--708
\T1/lmr/m/n/10 (+20) Individual shell-preference keys writ-ten by ear-lier builds (\T1/lmtt/m/n/10 x2chess.sound\T1/lmr/m/n/10 (+20) , \T1/lmtt/m/n/10 x2chess.moveDelayMs\T1/lmr/m/n/10 (+20) ,
 []


Underfull \hbox (badness 1137) in paragraph at lines 696--708
\T1/lmtt/m/n/10 x2chess.locale\T1/lmr/m/n/10 (+20) , \T1/lmtt/m/n/10 x2chess.pgnLayout\T1/lmr/m/n/10 (+20) , \T1/lmtt/m/n/10 x2chess.developerTools\T1/lmr/m/n/10 (+20) , \T1/lmtt/m/n/10 x2chess.positionPreviewOnHover\T1/lmr/m/n/10 (+20) ,
 []


Underfull \hbox (badness 1442) in paragraph at lines 696--708
\T1/lmtt/m/n/10 x2chess.resourceViewerHeightPx\T1/lmr/m/n/10 (+20) , \T1/lmtt/m/n/10 x2chess.boardColumnWidthPx\T1/lmr/m/n/10 (+20) ) are merged into the com-pound
 []


Underfull \hbox (badness 2042) in paragraph at lines 696--708
\T1/lmtt/m/n/10 x2chess.shellPrefs \T1/lmr/m/n/10 (+20) key on the \T1/lmr/bx/n/10 (+20) first startup af-ter up-grade \T1/lmr/m/n/10 (+20) by \T1/lmtt/m/n/10 migrateLocalStorage() \T1/lmr/m/n/10 (+20) in
 []


! LaTeX Error: Unicode character │ (U+2502)
               not set up for use with LaTeX.

See the LaTeX manual or LaTeX Companion for explanation.
Type  H <return>  for immediate help.
 ...                                              
                                                  
l.726 \end{verbatim}
                     
Here is how much of TeX's memory you used:
 13017 strings out of 475111
 206524 string characters out of 5763096
 645413 words of memory out of 5000000
 35781 multiletter control sequences out of 15000+600000
 585409 words of font info for 78 fonts, out of 8000000 for 9000
 36 hyphenation exceptions out of 8191
 75i,5n,79p,1016b,582s stack positions out of 10000i,1000n,20000p,200000b,200000s

!  ==> Fatal error occurred, no output PDF file produced!
